<?xml version="1.0" encoding="UTF-8"?>
<robot generator="Robot 7.0 (Python 3.12.2 on win32)" generated="2024-06-11T19:01:41.140817" rpa="false" schemaversion="5">
<suite id="s1" name="Preenchimento Incorreto" source="c:\Users\Leo Camilo\Documents\Programação\cruso-robot\testes\preenchimento_incorreto.robot">
<test id="s1-t1" name="Verificar se quando um campo obrigatorio não for preenchido corretamente o sistema exibe uma menssagem de campo obrigatorio" line="10">
<kw name="Dado que eu acesse o Organo" owner="setup_teardown" type="SETUP">
<kw name="Open Browser" owner="SeleniumLibrary">
<msg time="2024-06-11T19:01:41.672169" level="INFO">Opening browser 'Chrome' to base url 'http://localhost:3000/'.</msg>
<arg>url=http://localhost:3000/</arg>
<arg>browser=Chrome</arg>
<doc>Opens a new browser instance to the optional ``url``.</doc>
<status status="PASS" start="2024-06-11T19:01:41.672169" elapsed="1.728670"/>
</kw>
<status status="PASS" start="2024-06-11T19:01:41.671168" elapsed="1.730672"/>
</kw>
<kw name="Dado que eu clique no botao criar card" owner="cadastro">
<kw name="Click Element" owner="SeleniumLibrary">
<msg time="2024-06-11T19:01:43.402841" level="INFO">Clicking element 'id:form-botao'.</msg>
<arg>${CAMPO_CARD}</arg>
<doc>Click the element identified by ``locator``.</doc>
<status status="PASS" start="2024-06-11T19:01:43.402841" elapsed="0.034031"/>
</kw>
<status status="PASS" start="2024-06-11T19:01:43.401840" elapsed="0.035032"/>
</kw>
<kw name="Então sistema deve apresentar menssagem de campo obrigatorio" owner="cadastro">
<kw name="Element Should Be Visible" owner="SeleniumLibrary">
<msg time="2024-06-11T19:01:43.448883" level="INFO">Element 'id:form-nome-erro' is displayed.</msg>
<arg>id:form-nome-erro</arg>
<doc>Verifies that the element identified by ``locator`` is visible.</doc>
<status status="PASS" start="2024-06-11T19:01:43.437873" elapsed="0.011010"/>
</kw>
<kw name="Element Should Be Visible" owner="SeleniumLibrary">
<msg time="2024-06-11T19:01:43.459893" level="INFO">Element 'id:form-cargo-erro' is displayed.</msg>
<arg>id:form-cargo-erro</arg>
<doc>Verifies that the element identified by ``locator`` is visible.</doc>
<status status="PASS" start="2024-06-11T19:01:43.448883" elapsed="0.012010"/>
</kw>
<kw name="Element Should Be Visible" owner="SeleniumLibrary">
<msg time="2024-06-11T19:01:43.473906" level="INFO">Element 'id:form-times-erro' is displayed.</msg>
<arg>id:form-times-erro</arg>
<doc>Verifies that the element identified by ``locator`` is visible.</doc>
<status status="PASS" start="2024-06-11T19:01:43.460893" elapsed="0.013013"/>
</kw>
<status status="PASS" start="2024-06-11T19:01:43.436872" elapsed="0.037034"/>
</kw>
<kw name="Fechar o navegador" owner="setup_teardown" type="TEARDOWN">
<kw name="Close Browser" owner="SeleniumLibrary">
<doc>Closes the current browser.</doc>
<status status="PASS" start="2024-06-11T19:01:43.475907" elapsed="2.095711"/>
</kw>
<status status="PASS" start="2024-06-11T19:01:43.474906" elapsed="2.096712"/>
</kw>
<status status="PASS" start="2024-06-11T19:01:41.670168" elapsed="3.901450"/>
</test>
<status status="PASS" start="2024-06-11T19:01:41.144820" elapsed="4.427799"/>
</suite>
<statistics>
<total>
<stat pass="1" fail="0" skip="0">All Tests</stat>
</total>
<tag>
</tag>
<suite>
<stat pass="1" fail="0" skip="0" id="s1" name="Preenchimento Incorreto">Preenchimento Incorreto</stat>
</suite>
</statistics>
<errors>
</errors>
</robot>
